c:\users\hekseon\desktop\my project\created game\thefear\thefear\x64\debug\vc143.pdb
c:\users\hekseon\desktop\my project\created game\thefear\thefear\x64\debug\vc143.idb
c:\users\hekseon\desktop\my project\created game\thefear\thefear\x64\debug\player.obj
c:\users\hekseon\desktop\my project\created game\thefear\thefear\x64\debug\particle.obj
c:\users\hekseon\desktop\my project\created game\thefear\thefear\x64\debug\model.obj
c:\users\hekseon\desktop\my project\created game\thefear\thefear\x64\debug\meshwall.obj
c:\users\hekseon\desktop\my project\created game\thefear\thefear\x64\debug\meshfield.obj
c:\users\hekseon\desktop\my project\created game\thefear\thefear\x64\debug\main.obj
c:\users\hekseon\desktop\my project\created game\thefear\thefear\x64\debug\light.obj
c:\users\hekseon\desktop\my project\created game\thefear\thefear\x64\debug\input.obj
c:\users\hekseon\desktop\my project\created game\thefear\thefear\x64\debug\imgui_widgets.obj
c:\users\hekseon\desktop\my project\created game\thefear\thefear\x64\debug\imgui_tables.obj
c:\users\hekseon\desktop\my project\created game\thefear\thefear\x64\debug\imgui_impl_win32.obj
c:\users\hekseon\desktop\my project\created game\thefear\thefear\x64\debug\imgui_impl_dx11.obj
c:\users\hekseon\desktop\my project\created game\thefear\thefear\x64\debug\imgui_draw.obj
c:\users\hekseon\desktop\my project\created game\thefear\thefear\x64\debug\imgui_demo.obj
c:\users\hekseon\desktop\my project\created game\thefear\thefear\x64\debug\imgui.obj
c:\users\hekseon\desktop\my project\created game\thefear\thefear\x64\debug\game.obj
c:\users\hekseon\desktop\my project\created game\thefear\thefear\x64\debug\fade.obj
c:\users\hekseon\desktop\my project\created game\thefear\thefear\x64\debug\debugproc.obj
c:\users\hekseon\desktop\my project\created game\thefear\thefear\x64\debug\collision.obj
c:\users\hekseon\desktop\my project\created game\thefear\thefear\x64\debug\camera.obj
c:\users\hekseon\desktop\my project\created game\thefear\thefear\x64\debug\sprite.obj
c:\users\hekseon\desktop\my project\created game\thefear\thefear\x64\debug\sound.obj
c:\users\hekseon\desktop\my project\created game\thefear\thefear\x64\debug\shadow.obj
c:\users\hekseon\desktop\my project\created game\thefear\thefear\x64\debug\renderer.obj
c:\users\hekseon\desktop\my project\created game\thefear\x64\debug\thefear.exe
c:\users\hekseon\desktop\my project\created game\thefear\x64\debug\thefear.pdb
c:\users\hekseon\desktop\my project\created game\thefear\thefear\x64\debug\thefear.ilk
c:\users\hekseon\desktop\my project\created game\thefear\thefear\x64\debug\thefear.tlog\cl.command.1.tlog
c:\users\hekseon\desktop\my project\created game\thefear\thefear\x64\debug\thefear.tlog\cl.items.tlog
c:\users\hekseon\desktop\my project\created game\thefear\thefear\x64\debug\thefear.tlog\cl.read.1.tlog
c:\users\hekseon\desktop\my project\created game\thefear\thefear\x64\debug\thefear.tlog\cl.write.1.tlog
c:\users\hekseon\desktop\my project\created game\thefear\thefear\x64\debug\thefear.tlog\link.command.1.tlog
c:\users\hekseon\desktop\my project\created game\thefear\thefear\x64\debug\thefear.tlog\link.read.1.tlog
c:\users\hekseon\desktop\my project\created game\thefear\thefear\x64\debug\thefear.tlog\link.secondary.1.tlog
c:\users\hekseon\desktop\my project\created game\thefear\thefear\x64\debug\thefear.tlog\link.write.1.tlog
